TN:
SF:script/DeployRaffle.s.sol
DA:10,12
FN:10,DeployRaffle.run
FNDA:12,DeployRaffle.run
DA:11,12
DA:12,12
DA:21,12
DA:23,12
BRDA:23,0,0,12
DA:24,12
DA:25,12
DA:31,12
DA:32,12
DA:35,12
DA:36,12
DA:46,12
DA:48,12
DA:49,12
DA:51,12
FNF:1
FNH:1
LF:15
LH:15
BRF:1
BRH:1
end_of_record
TN:
SF:script/HelpConfig.s.sol
DA:25,12
FN:25,HelpConfig.constructor
FNDA:12,HelpConfig.constructor
DA:26,12
BRDA:26,0,0,-
BRDA:26,0,1,12
DA:27,0
DA:29,12
DA:33,0
FN:33,HelpConfig.getSepoliaEthConfig
FNDA:0,HelpConfig.getSepoliaEthConfig
DA:34,0
DA:47,12
FN:47,HelpConfig.getOrCreateAnvilEthConfig
FNDA:12,HelpConfig.getOrCreateAnvilEthConfig
DA:48,12
BRDA:48,1,0,-
DA:49,0
DA:52,12
DA:53,12
DA:55,12
DA:56,12
DA:60,12
DA:61,12
DA:63,12
DA:76,12
FN:76,HelpConfig.getConfig
FNDA:12,HelpConfig.getConfig
DA:77,12
FNF:4
FNH:3
LF:18
LH:14
BRF:3
BRH:1
end_of_record
TN:
SF:script/Interactions.s.sol
DA:16,0
FN:16,CreateSubscription.createSubscriptionUsingConfig
FNDA:0,CreateSubscription.createSubscriptionUsingConfig
DA:17,0
DA:18,0
DA:20,0
DA:23,12
FN:23,CreateSubscription.createSubscription
FNDA:12,CreateSubscription.createSubscription
DA:27,12
DA:28,12
DA:30,12
DA:31,12
DA:32,12
DA:35,0
FN:35,CreateSubscription.run.0
FNDA:0,CreateSubscription.run.0
DA:36,0
DA:43,0
FN:43,FundSubscription.fundSubscriptionUsingConfig
FNDA:0,FundSubscription.fundSubscriptionUsingConfig
DA:44,0
DA:45,0
DA:54,0
DA:55,0
DA:58,12
FN:58,FundSubscription.fundSubscription
FNDA:12,FundSubscription.fundSubscription
DA:64,12
DA:65,12
DA:66,12
DA:67,12
BRDA:67,0,0,12
BRDA:67,0,1,-
DA:69,12
DA:70,12
DA:74,12
DA:76,0
DA:77,0
DA:82,0
DA:86,0
FN:86,FundSubscription.run.1
FNDA:0,FundSubscription.run.1
DA:87,0
DA:92,12
FN:92,AddConsumer.addConsume
FNDA:12,AddConsumer.addConsume
DA:98,12
DA:99,12
DA:100,12
DA:101,12
DA:102,12
DA:103,12
DA:106,0
FN:106,AddConsumer.addConsuerUsingConfig
FNDA:0,AddConsumer.addConsuerUsingConfig
DA:107,0
DA:108,0
DA:117,0
DA:118,0
DA:121,0
FN:121,AddConsumer.run.2
FNDA:0,AddConsumer.run.2
DA:122,0
DA:126,0
FNF:9
FNH:3
LF:45
LH:21
BRF:2
BRH:1
end_of_record
TN:
SF:src/Raffle.sol
DA:55,12
FN:55,Raffle.constructor
FNDA:12,Raffle.constructor
DA:65,12
DA:66,12
DA:67,12
DA:68,12
DA:69,12
DA:70,12
DA:72,12
DA:73,12
DA:74,12
DA:75,12
DA:78,270
FN:78,Raffle.enterRaffle
FNDA:270,Raffle.enterRaffle
DA:79,270
BRDA:79,0,0,1
DA:80,1
DA:82,269
BRDA:82,1,0,1
DA:83,1
DA:85,268
DA:87,268
DA:99,2
FN:99,Raffle.checkUpKeep
FNDA:2,Raffle.checkUpKeep
DA:102,8
DA:103,8
DA:104,8
DA:105,8
DA:106,8
DA:107,8
DA:110,6
FN:110,Raffle.performUpkeep
FNDA:6,Raffle.performUpkeep
DA:111,6
DA:112,6
BRDA:112,2,0,1
DA:113,1
DA:120,5
DA:121,5
DA:128,5
DA:131,1
FN:131,Raffle.fulfillRandomWords
FNDA:1,Raffle.fulfillRandomWords
DA:137,1
DA:138,1
DA:139,1
DA:140,1
DA:142,1
DA:143,1
DA:145,1
DA:147,1
DA:148,1
BRDA:148,3,0,-
DA:149,0
DA:155,0
FN:155,Raffle.getEntranceFee
FNDA:0,Raffle.getEntranceFee
DA:156,0
DA:159,4
FN:159,Raffle.getRaffleState
FNDA:4,Raffle.getRaffleState
DA:160,4
DA:163,1
FN:163,Raffle.getPlayer
FNDA:1,Raffle.getPlayer
DA:164,1
DA:167,3
FN:167,Raffle.getRecentWinner
FNDA:3,Raffle.getRecentWinner
DA:168,3
DA:171,1
FN:171,Raffle.getLengthOfPlayers
FNDA:1,Raffle.getLengthOfPlayers
DA:172,1
DA:175,2
FN:175,Raffle.getLastTimeStamp
FNDA:2,Raffle.getLastTimeStamp
DA:176,2
FNF:11
FNH:10
LF:55
LH:52
BRF:4
BRH:3
end_of_record
TN:
SF:test/mocks/LinkToken.sol
DA:19,12
FN:19,LinkToken.constructor
FNDA:12,LinkToken.constructor
DA:20,12
DA:23,0
FN:23,LinkToken.mint
FNDA:0,LinkToken.mint
DA:24,0
DA:40,0
FN:40,LinkToken.transferAndCall
FNDA:0,LinkToken.transferAndCall
DA:45,0
DA:47,0
DA:48,0
BRDA:48,0,0,-
DA:49,0
DA:51,0
DA:56,0
FN:56,LinkToken.contractFallback
FNDA:0,LinkToken.contractFallback
DA:61,0
DA:62,0
DA:65,0
FN:65,LinkToken.isContract
FNDA:0,LinkToken.isContract
DA:66,0
DA:68,0
DA:70,0
FNF:5
FNH:1
LF:17
LH:2
BRF:1
BRH:0
end_of_record
